<html>
<head>
<title>TestNG:  RegressionTests</title>
<link href="../testng.css" rel="stylesheet" type="text/css" />
<link href="../my-testng.css" rel="stylesheet" type="text/css" />

<style type="text/css">
.log { display: none;} 
.stack-trace { display: none;} 
</style>
<script type="text/javascript">
<!--
function flip(e) {
  current = e.style.display;
  if (current == 'block') {
    e.style.display = 'none';
    return 0;
  }
  else {
    e.style.display = 'block';
    return 1;
  }
}

function toggleBox(szDivId, elem, msg1, msg2)
{
  var res = -1;  if (document.getElementById) {
    res = flip(document.getElementById(szDivId));
  }
  else if (document.all) {
    // this is the way old msie versions work
    res = flip(document.all[szDivId]);
  }
  if(elem) {
    if(res == 0) elem.innerHTML = msg1; else elem.innerHTML = msg2;
  }

}

function toggleAllBoxes() {
  if (document.getElementsByTagName) {
    d = document.getElementsByTagName('div');
    for (i = 0; i < d.length; i++) {
      if (d[i].className == 'log') {
        flip(d[i]);
      }
    }
  }
}

// -->
</script>

</head>
<body>
<h2 align='center'>RegressionTests</h2><table border='1' align="center">
<tr>
<td>Tests passed/Failed/Skipped:</td><td>17/1/0</td>
</tr><tr>
<td>Started on:</td><td>Sun Feb 13 14:21:29 EET 2022</td>
</tr>
<tr><td>Total time:</td><td>183 seconds (183804 ms)</td>
</tr><tr>
<td>Included groups:</td><td></td>
</tr><tr>
<td>Excluded groups:</td><td></td>
</tr>
</table><p/>
<small><i>(Hover the method name to see the test class name)</i></small><p/>
<table width='100%' border='1' class='invocation-failed'>
<tr><td colspan='4' align='center'><b>FAILED TESTS</b></td></tr>
<tr><td><b>Test method</b></td>
<td width="30%"><b>Exception</b></td>
<td width="10%"><b>Time (seconds)</b></td>
<td><b>Instance</b></td>
</tr>
<tr>
<td title='Tests.PA5.PA5_AM6PS1()'><b>PA5_AM6PS1</b><br>Test class: Tests.PA5</td>
<td><div><pre>org.openqa.selenium.ElementNotInteractableException: element not interactable: element has zero size
  (Session info: chrome=98.0.4758.80)
Build info: version: &apos;4.1.1&apos;, revision: &apos;e8fcc2cecf&apos;
System info: host: &apos;Justinas-Bakutis.local&apos;, ip: &apos;fe80:0:0:0:100b:7a5f:b998:9c43%en0&apos;, os.name: &apos;Mac OS X&apos;, os.arch: &apos;x86_64&apos;, os.version: &apos;10.15.7&apos;, java.version: &apos;17.0.1&apos;
Driver info: org.openqa.selenium.chrome.ChromeDriver
Command: [c8d25ea1654a7a1492c84ac2dd9c6083, clickElement {id=fe54682a-b985-46a9-acb5-493eada48a1e}]
Capabilities {acceptInsecureCerts: false, browserName: chrome, browserVersion: 98.0.4758.80, chrome: {chromedriverVersion: 97.0.4692.71 (adefa7837d02a..., userDataDir: /var/folders/0_/8rz5wb7n61x...}, goog:chromeOptions: {debuggerAddress: localhost:49801}, javascriptEnabled: true, networkConnectionEnabled: false, pageLoadStrategy: normal, platform: MAC, platformName: MAC, proxy: Proxy(), se:cdp: ws://localhost:49801/devtoo..., se:cdpVersion: 98.0.4758.80, setWindowRect: true, strictFileInteractability: false, timeouts: {implicit: 0, pageLoad: 300000, script: 30000}, unhandledPromptBehavior: dismiss and notify, webauthn:extension:credBlob: true, webauthn:extension:largeBlob: true, webauthn:virtualAuthenticators: true}
Element: [[ChromeDriver: chrome on MAC (c8d25ea1654a7a1492c84ac2dd9c6083)] -&gt; css selector: #login2]
Session ID: c8d25ea1654a7a1492c84ac2dd9c6083
	at org.openqa.selenium.remote.codec.w3c.W3CHttpResponseCodec.createException(W3CHttpResponseCodec.java:200)
	at org.openqa.selenium.remote.codec.w3c.W3CHttpResponseCodec.decode(W3CHttpResponseCodec.java:133)
	at org.openqa.selenium.remote.codec.w3c.W3CHttpResponseCodec.decode(W3CHttpResponseCodec.java:53)
	at org.openqa.selenium.remote.HttpCommandExecutor.execute(HttpCommandExecutor.java:184)
	at org.openqa.selenium.remote.service.DriverCommandExecutor.invokeExecute(DriverCommandExecutor.java:167)
	at org.openqa.selenium.remote.service.DriverCommandExecutor.execute(DriverCommandExecutor.java:142)
	at org.openqa.selenium.remote.RemoteWebDriver.execute(RemoteWebDriver.java:543)
	at org.openqa.selenium.remote.RemoteWebElement.execute(RemoteWebElement.java:251)
	at org.openqa.selenium.remote.RemoteWebElement.click(RemoteWebElement.java:77)
	at Pages.HomePage.LogIn(HomePage.java:84)
	at Tests.PA5.PA5_AM6PS1(PA5.java:117)
	at java.base/java.util.ArrayList.forEach(ArrayList.java:1511)
... Removed 32 stack frames</pre></div><a href='#' onClick='toggleBox("stack-trace783117220", this, "Click to show all stack frames", "Click to hide stack frames")'>Click to show all stack frames</a>
<div class='stack-trace' id='stack-trace783117220'><pre>org.openqa.selenium.ElementNotInteractableException: element not interactable: element has zero size
  (Session info: chrome=98.0.4758.80)
Build info: version: &apos;4.1.1&apos;, revision: &apos;e8fcc2cecf&apos;
System info: host: &apos;Justinas-Bakutis.local&apos;, ip: &apos;fe80:0:0:0:100b:7a5f:b998:9c43%en0&apos;, os.name: &apos;Mac OS X&apos;, os.arch: &apos;x86_64&apos;, os.version: &apos;10.15.7&apos;, java.version: &apos;17.0.1&apos;
Driver info: org.openqa.selenium.chrome.ChromeDriver
Command: [c8d25ea1654a7a1492c84ac2dd9c6083, clickElement {id=fe54682a-b985-46a9-acb5-493eada48a1e}]
Capabilities {acceptInsecureCerts: false, browserName: chrome, browserVersion: 98.0.4758.80, chrome: {chromedriverVersion: 97.0.4692.71 (adefa7837d02a..., userDataDir: /var/folders/0_/8rz5wb7n61x...}, goog:chromeOptions: {debuggerAddress: localhost:49801}, javascriptEnabled: true, networkConnectionEnabled: false, pageLoadStrategy: normal, platform: MAC, platformName: MAC, proxy: Proxy(), se:cdp: ws://localhost:49801/devtoo..., se:cdpVersion: 98.0.4758.80, setWindowRect: true, strictFileInteractability: false, timeouts: {implicit: 0, pageLoad: 300000, script: 30000}, unhandledPromptBehavior: dismiss and notify, webauthn:extension:credBlob: true, webauthn:extension:largeBlob: true, webauthn:virtualAuthenticators: true}
Element: [[ChromeDriver: chrome on MAC (c8d25ea1654a7a1492c84ac2dd9c6083)] -&gt; css selector: #login2]
Session ID: c8d25ea1654a7a1492c84ac2dd9c6083
	at java.base/jdk.internal.reflect.NativeConstructorAccessorImpl.newInstance0(Native Method)
	at java.base/jdk.internal.reflect.NativeConstructorAccessorImpl.newInstance(NativeConstructorAccessorImpl.java:77)
	at java.base/jdk.internal.reflect.DelegatingConstructorAccessorImpl.newInstance(DelegatingConstructorAccessorImpl.java:45)
	at java.base/java.lang.reflect.Constructor.newInstanceWithCaller(Constructor.java:499)
	at java.base/java.lang.reflect.Constructor.newInstance(Constructor.java:480)
	at org.openqa.selenium.remote.codec.w3c.W3CHttpResponseCodec.createException(W3CHttpResponseCodec.java:200)
	at org.openqa.selenium.remote.codec.w3c.W3CHttpResponseCodec.decode(W3CHttpResponseCodec.java:133)
	at org.openqa.selenium.remote.codec.w3c.W3CHttpResponseCodec.decode(W3CHttpResponseCodec.java:53)
	at org.openqa.selenium.remote.HttpCommandExecutor.execute(HttpCommandExecutor.java:184)
	at org.openqa.selenium.remote.service.DriverCommandExecutor.invokeExecute(DriverCommandExecutor.java:167)
	at org.openqa.selenium.remote.service.DriverCommandExecutor.execute(DriverCommandExecutor.java:142)
	at org.openqa.selenium.remote.RemoteWebDriver.execute(RemoteWebDriver.java:543)
	at org.openqa.selenium.remote.RemoteWebElement.execute(RemoteWebElement.java:251)
	at org.openqa.selenium.remote.RemoteWebElement.click(RemoteWebElement.java:77)
	at Pages.HomePage.LogIn(HomePage.java:84)
	at Tests.PA5.PA5_AM6PS1(PA5.java:117)
	at java.base/jdk.internal.reflect.NativeMethodAccessorImpl.invoke0(Native Method)
	at java.base/jdk.internal.reflect.NativeMethodAccessorImpl.invoke(NativeMethodAccessorImpl.java:77)
	at java.base/jdk.internal.reflect.DelegatingMethodAccessorImpl.invoke(DelegatingMethodAccessorImpl.java:43)
	at java.base/java.lang.reflect.Method.invoke(Method.java:568)
	at org.testng.internal.MethodInvocationHelper.invokeMethod(MethodInvocationHelper.java:133)
	at org.testng.internal.TestInvoker.invokeMethod(TestInvoker.java:598)
	at org.testng.internal.TestInvoker.invokeTestMethod(TestInvoker.java:173)
	at org.testng.internal.MethodRunner.runInSequence(MethodRunner.java:46)
	at org.testng.internal.TestInvoker$MethodInvocationAgent.invoke(TestInvoker.java:824)
	at org.testng.internal.TestInvoker.invokeTestMethods(TestInvoker.java:146)
	at org.testng.internal.TestMethodWorker.invokeTestMethods(TestMethodWorker.java:146)
	at org.testng.internal.TestMethodWorker.run(TestMethodWorker.java:128)
	at java.base/java.util.ArrayList.forEach(ArrayList.java:1511)
	at org.testng.TestRunner.privateRun(TestRunner.java:794)
	at org.testng.TestRunner.run(TestRunner.java:596)
	at org.testng.SuiteRunner.runTest(SuiteRunner.java:377)
	at org.testng.SuiteRunner.runSequentially(SuiteRunner.java:371)
	at org.testng.SuiteRunner.privateRun(SuiteRunner.java:332)
	at org.testng.SuiteRunner.run(SuiteRunner.java:276)
	at org.testng.SuiteRunnerWorker.runSuite(SuiteRunnerWorker.java:53)
	at org.testng.SuiteRunnerWorker.run(SuiteRunnerWorker.java:96)
	at org.testng.TestNG.runSuitesSequentially(TestNG.java:1212)
	at org.testng.TestNG.runSuitesLocally(TestNG.java:1134)
	at org.testng.TestNG.runSuites(TestNG.java:1063)
	at org.testng.TestNG.run(TestNG.java:1031)
	at org.testng.remote.AbstractRemoteTestNG.run(AbstractRemoteTestNG.java:115)
	at org.testng.remote.RemoteTestNG.initAndRun(RemoteTestNG.java:251)
	at org.testng.remote.RemoteTestNG.main(RemoteTestNG.java:77)
</pre></div></td>
<td>0</td>
<td>Tests.PA5@c267ef4</td></tr>
</table><p>
<table width='100%' border='1' class='invocation-passed'>
<tr><td colspan='4' align='center'><b>PASSED TESTS</b></td></tr>
<tr><td><b>Test method</b></td>
<td width="30%"><b>Exception</b></td>
<td width="10%"><b>Time (seconds)</b></td>
<td><b>Instance</b></td>
</tr>
<tr>
<td title='Tests.PA1.PA1AS1()'><b>PA1AS1</b><br>Test class: Tests.PA1</td>
<td></td>
<td>5</td>
<td>Tests.PA1@6a28ffa4</td></tr>
<tr>
<td title='Tests.PA5.PA5_AM6AS1()'><b>PA5_AM6AS1</b><br>Test class: Tests.PA5</td>
<td></td>
<td>28</td>
<td>Tests.PA5@c267ef4</td></tr>
<tr>
<td title='Tests.PA1.PA1PS1()'><b>PA1PS1</b><br>Test class: Tests.PA1</td>
<td></td>
<td>9</td>
<td>Tests.PA1@6a28ffa4</td></tr>
<tr>
<td title='Tests.PA2.PA2AS2()'><b>PA2AS2</b><br>Test class: Tests.PA2</td>
<td></td>
<td>9</td>
<td>Tests.PA2@48ae9b55</td></tr>
<tr>
<td title='Tests.PA2.PA2AS1()'><b>PA2AS1</b><br>Test class: Tests.PA2</td>
<td></td>
<td>4</td>
<td>Tests.PA2@48ae9b55</td></tr>
<tr>
<td title='Tests.PA1.PA1AS2()'><b>PA1AS2</b><br>Test class: Tests.PA1</td>
<td></td>
<td>7</td>
<td>Tests.PA1@6a28ffa4</td></tr>
<tr>
<td title='Tests.PA2.PA2PS1()'><b>PA2PS1</b><br>Test class: Tests.PA2</td>
<td></td>
<td>6</td>
<td>Tests.PA2@48ae9b55</td></tr>
<tr>
<td title='Tests.PA4.PA4_AM1PS1()'><b>PA4_AM1PS1</b><br>Test class: Tests.PA4</td>
<td></td>
<td>0</td>
<td>Tests.PA4@21de60b4</td></tr>
<tr>
<td title='Tests.PA4.PA4_AM1PS2()'><b>PA4_AM1PS2</b><br>Test class: Tests.PA4</td>
<td></td>
<td>0</td>
<td>Tests.PA4@21de60b4</td></tr>
<tr>
<td title='Tests.PA1.PA1AS3()'><b>PA1AS3</b><br>Test class: Tests.PA1</td>
<td></td>
<td>9</td>
<td>Tests.PA1@6a28ffa4</td></tr>
<tr>
<td title='Tests.PA2.PA2AS3()'><b>PA2AS3</b><br>Test class: Tests.PA2</td>
<td></td>
<td>9</td>
<td>Tests.PA2@48ae9b55</td></tr>
<tr>
<td title='Tests.PA3.PA3PS1()'><b>PA3PS1</b><br>Test class: Tests.PA3</td>
<td></td>
<td>7</td>
<td>Tests.PA3@1700915</td></tr>
<tr>
<td title='Tests.PA5.PA5_AM2PS1()'><b>PA5_AM2PS1</b><br>Test class: Tests.PA5</td>
<td></td>
<td>8</td>
<td>Tests.PA5@c267ef4</td></tr>
<tr>
<td title='Tests.PA5.PA5_AM4PS1()'><b>PA5_AM4PS1</b><br>Test class: Tests.PA5</td>
<td></td>
<td>11</td>
<td>Tests.PA5@c267ef4</td></tr>
<tr>
<td title='Tests.PA5.PA5_AM5PS1()'><b>PA5_AM5PS1</b><br>Test class: Tests.PA5</td>
<td></td>
<td>9</td>
<td>Tests.PA5@c267ef4</td></tr>
<tr>
<td title='Tests.PA5.PA5_AM6AS2()'><b>PA5_AM6AS2</b><br>Test class: Tests.PA5</td>
<td></td>
<td>27</td>
<td>Tests.PA5@c267ef4</td></tr>
<tr>
<td title='Tests.PA5.PA5_AM3PS1()'><b>PA5_AM3PS1</b><br>Test class: Tests.PA5</td>
<td></td>
<td>22</td>
<td>Tests.PA5@c267ef4</td></tr>
</table><p>
</body>
</html>