<?xml version="1.0" encoding="UTF-8"?>
<!-- Generated by org.testng.reporters.JUnitXMLReporter -->
<testsuite ignored="8" hostname="Justinas-Bakutis.local" failures="1" tests="18" name="RegressionTests" time="183.804" errors="0" timestamp="2022-02-13T14:24:33 EET">
  <testcase classname="Tests.PA1" name="PA1AS1" time="5.578"/>
  <testcase classname="Tests.PA1" name="PA1AS2" time="7.968"/>
  <testcase classname="Tests.PA1" name="PA1AS3" time="9.899"/>
  <testcase classname="Tests.PA1" name="PA1PS1" time="9.825"/>
  <testcase classname="Tests.PA2" name="PA2AS1" time="4.984"/>
  <testcase classname="Tests.PA2" name="PA2AS2" time="9.587"/>
  <testcase classname="Tests.PA2" name="PA2AS3" time="9.917"/>
  <testcase classname="Tests.PA2" name="PA2PS1" time="6.995"/>
  <testcase classname="Tests.PA3" name="PA3PS1" time="7.148"/>
  <testcase classname="Tests.PA4" name="PA4_AM1PS1" time="0.384"/>
  <testcase classname="Tests.PA4" name="PA4_AM1PS2" time="0.693"/>
  <testcase classname="Tests.PA5" name="PA5_AM2PS1" time="8.472"/>
  <testcase classname="Tests.PA5" name="PA5_AM3PS1" time="22.484"/>
  <testcase classname="Tests.PA5" name="PA5_AM4PS1" time="11.774"/>
  <testcase classname="Tests.PA5" name="PA5_AM5PS1" time="9.276"/>
  <testcase classname="Tests.PA5" name="PA5_AM6AS1" time="28.494"/>
  <testcase classname="Tests.PA5" name="PA5_AM6AS2" time="27.731"/>
  <testcase classname="Tests.PA5" name="PA5_AM6PS1" time="0.704">
    <failure type="org.openqa.selenium.ElementNotInteractableException" message="element not interactable: element has zero size
  (Session info: chrome=98.0.4758.80)
Build info: version: &amp;apos;4.1.1&amp;apos;, revision: &amp;apos;e8fcc2cecf&amp;apos;
System info: host: &amp;apos;Justinas-Bakutis.local&amp;apos;, ip: &amp;apos;fe80:0:0:0:100b:7a5f:b998:9c43%en0&amp;apos;, os.name: &amp;apos;Mac OS X&amp;apos;, os.arch: &amp;apos;x86_64&amp;apos;, os.version: &amp;apos;10.15.7&amp;apos;, java.version: &amp;apos;17.0.1&amp;apos;
Driver info: org.openqa.selenium.chrome.ChromeDriver
Command: [c8d25ea1654a7a1492c84ac2dd9c6083, clickElement {id=fe54682a-b985-46a9-acb5-493eada48a1e}]
Capabilities {acceptInsecureCerts: false, browserName: chrome, browserVersion: 98.0.4758.80, chrome: {chromedriverVersion: 97.0.4692.71 (adefa7837d02a..., userDataDir: /var/folders/0_/8rz5wb7n61x...}, goog:chromeOptions: {debuggerAddress: localhost:49801}, javascriptEnabled: true, networkConnectionEnabled: false, pageLoadStrategy: normal, platform: MAC, platformName: MAC, proxy: Proxy(), se:cdp: ws://localhost:49801/devtoo..., se:cdpVersion: 98.0.4758.80, setWindowRect: true, strictFileInteractability: false, timeouts: {implicit: 0, pageLoad: 300000, script: 30000}, unhandledPromptBehavior: dismiss and notify, webauthn:extension:credBlob: true, webauthn:extension:largeBlob: true, webauthn:virtualAuthenticators: true}
Element: [[ChromeDriver: chrome on MAC (c8d25ea1654a7a1492c84ac2dd9c6083)] -&amp;gt; css selector: #login2]
Session ID: c8d25ea1654a7a1492c84ac2dd9c6083">
      <![CDATA[org.openqa.selenium.ElementNotInteractableException: element not interactable: element has zero size
  (Session info: chrome=98.0.4758.80)
Build info: version: '4.1.1', revision: 'e8fcc2cecf'
System info: host: 'Justinas-Bakutis.local', ip: 'fe80:0:0:0:100b:7a5f:b998:9c43%en0', os.name: 'Mac OS X', os.arch: 'x86_64', os.version: '10.15.7', java.version: '17.0.1'
Driver info: org.openqa.selenium.chrome.ChromeDriver
Command: [c8d25ea1654a7a1492c84ac2dd9c6083, clickElement {id=fe54682a-b985-46a9-acb5-493eada48a1e}]
Capabilities {acceptInsecureCerts: false, browserName: chrome, browserVersion: 98.0.4758.80, chrome: {chromedriverVersion: 97.0.4692.71 (adefa7837d02a..., userDataDir: /var/folders/0_/8rz5wb7n61x...}, goog:chromeOptions: {debuggerAddress: localhost:49801}, javascriptEnabled: true, networkConnectionEnabled: false, pageLoadStrategy: normal, platform: MAC, platformName: MAC, proxy: Proxy(), se:cdp: ws://localhost:49801/devtoo..., se:cdpVersion: 98.0.4758.80, setWindowRect: true, strictFileInteractability: false, timeouts: {implicit: 0, pageLoad: 300000, script: 30000}, unhandledPromptBehavior: dismiss and notify, webauthn:extension:credBlob: true, webauthn:extension:largeBlob: true, webauthn:virtualAuthenticators: true}
Element: [[ChromeDriver: chrome on MAC (c8d25ea1654a7a1492c84ac2dd9c6083)] -> css selector: #login2]
Session ID: c8d25ea1654a7a1492c84ac2dd9c6083
at org.openqa.selenium.remote.codec.w3c.W3CHttpResponseCodec.createException(W3CHttpResponseCodec.java:200)
at org.openqa.selenium.remote.codec.w3c.W3CHttpResponseCodec.decode(W3CHttpResponseCodec.java:133)
at org.openqa.selenium.remote.codec.w3c.W3CHttpResponseCodec.decode(W3CHttpResponseCodec.java:53)
at org.openqa.selenium.remote.HttpCommandExecutor.execute(HttpCommandExecutor.java:184)
at org.openqa.selenium.remote.service.DriverCommandExecutor.invokeExecute(DriverCommandExecutor.java:167)
at org.openqa.selenium.remote.service.DriverCommandExecutor.execute(DriverCommandExecutor.java:142)
at org.openqa.selenium.remote.RemoteWebDriver.execute(RemoteWebDriver.java:543)
at org.openqa.selenium.remote.RemoteWebElement.execute(RemoteWebElement.java:251)
at org.openqa.selenium.remote.RemoteWebElement.click(RemoteWebElement.java:77)
at Pages.HomePage.LogIn(HomePage.java:84)
at Tests.PA5.PA5_AM6PS1(PA5.java:117)
at java.base/java.util.ArrayList.forEach(ArrayList.java:1511)
... Removed 32 stack frames]]>
    </failure>
  </testcase> <!-- PA5_AM6PS1 -->
  <testcase classname="Tests.TestsParameters" name="@BeforeTest SetUp" time="0.0">
    <ignored/>
  </testcase> <!-- @BeforeTest SetUp -->
  <testcase classname="Tests.TestsParameters" name="@BeforeTest SetUp" time="0.0">
    <ignored/>
  </testcase> <!-- @BeforeTest SetUp -->
  <testcase classname="Tests.TestsParameters" name="@BeforeTest SetUp" time="0.0">
    <ignored/>
  </testcase> <!-- @BeforeTest SetUp -->
  <testcase classname="Tests.TestsParameters" name="@BeforeTest SetUp" time="0.0">
    <ignored/>
  </testcase> <!-- @BeforeTest SetUp -->
  <testcase classname="Tests.TestsParameters" name="@AfterTest TearDown" time="0.0">
    <ignored/>
  </testcase> <!-- @AfterTest TearDown -->
  <testcase classname="Tests.TestsParameters" name="@AfterTest TearDown" time="0.0">
    <ignored/>
  </testcase> <!-- @AfterTest TearDown -->
  <testcase classname="Tests.TestsParameters" name="@AfterTest TearDown" time="0.0">
    <ignored/>
  </testcase> <!-- @AfterTest TearDown -->
  <testcase classname="Tests.TestsParameters" name="@AfterTest TearDown" time="0.0">
    <ignored/>
  </testcase> <!-- @AfterTest TearDown -->
</testsuite> <!-- RegressionTests -->
